Copyright 1986-2022 Xilinx, Inc. All Rights Reserved. Copyright 2022-2024 Advanced Micro Devices, Inc. All Rights Reserved.
---------------------------------------------------------------------------------------------------------------------------------------------
| Tool Version : Vivado v.2024.2 (lin64) Build 5239630 Fri Nov 08 22:34:34 MST 2024
| Date         : Fri Nov  7 11:54:15 2025
| Host         : Asspire-A515-51 running 64-bit Ubuntu 24.04.3 LTS
| Command      : report_control_sets -verbose -file processor_arm_control_sets_placed.rpt
| Design       : processor_arm
| Device       : xc7s50
---------------------------------------------------------------------------------------------------------------------------------------------

Control Set Information

Table of Contents
-----------------
1. Summary
2. Histogram
3. Flip-Flop Distribution
4. Detailed Control Set Information

1. Summary
----------

+----------------------------------------------------------+-------+
|                          Status                          | Count |
+----------------------------------------------------------+-------+
| Total control sets                                       |     6 |
|    Minimum number of control sets                        |     6 |
|    Addition due to synthesis replication                 |     0 |
|    Addition due to physical synthesis replication        |     0 |
| Unused register locations in slices containing registers |    22 |
+----------------------------------------------------------+-------+
* Control sets can be merged at opt_design using control_set_merge or merge_equivalent_drivers
** Run report_qor_suggestions for automated merging and remapping suggestions


2. Histogram
------------

+--------------------+-------+
|       Fanout       | Count |
+--------------------+-------+
| Total control sets |     6 |
| >= 0 to < 4        |     0 |
| >= 4 to < 6        |     4 |
| >= 6 to < 8        |     0 |
| >= 8 to < 10       |     0 |
| >= 10 to < 12      |     0 |
| >= 12 to < 14      |     0 |
| >= 14 to < 16      |     1 |
| >= 16              |     1 |
+--------------------+-------+
* Control sets can be remapped at either synth_design or opt_design


3. Flip-Flop Distribution
-------------------------

+--------------+-----------------------+------------------------+-----------------+--------------+
| Clock Enable | Synchronous Set/Reset | Asynchronous Set/Reset | Total Registers | Total Slices |
+--------------+-----------------------+------------------------+-----------------+--------------+
| No           | No                    | No                     |              19 |            6 |
| No           | No                    | Yes                    |               0 |            0 |
| No           | Yes                   | No                     |               0 |            0 |
| Yes          | No                    | No                     |              23 |           10 |
| Yes          | No                    | Yes                    |               0 |            0 |
| Yes          | Yes                   | No                     |               8 |            4 |
+--------------+-----------------------+------------------------+-----------------+--------------+


4. Detailed Control Set Information
-----------------------------------

+-------------------+-----------------------+------------------+------------------+----------------+--------------+
|    Clock Signal   |     Enable Signal     | Set/Reset Signal | Slice Load Count | Bel Load Count | Bels / Slice |
+-------------------+-----------------------+------------------+------------------+----------------+--------------+
|  dispA/Q_BUFG[0]  | dispA/disp_a          | dispA/SS[0]      |                2 |              4 |         2.00 |
|  dispA/Q_BUFG[0]  | dispA/cnt_reg[3]_0[0] |                  |                2 |              4 |         2.00 |
|  dispA/Q_BUFG[0]  | dispA/E[0]            | dispA/SS[0]      |                2 |              4 |         2.00 |
|  clk              |                       |                  |                2 |              5 |         2.50 |
|  i_mclk_IBUF_BUFG |                       |                  |                4 |             14 |         3.50 |
|  dispA/Q_BUFG[0]  | dispA/SS[0]           |                  |                8 |             19 |         2.38 |
+-------------------+-----------------------+------------------+------------------+----------------+--------------+


